2026-02-06 01:10:35,735 | INFO     | trading:main:61 - ============================================================
2026-02-06 01:10:35,735 | INFO     | trading:main:62 - AI STOCK TRADING SYSTEM - Production Grade
2026-02-06 01:10:35,735 | INFO     | trading:main:63 - ============================================================
2026-02-06 01:10:36,843 | INFO     | trading.data.fetcher:__init__:256 - AkShare initialized
2026-02-06 01:10:36,990 | INFO     | trading.data.fetcher:__init__:375 - Yahoo Finance initialized
2026-02-06 01:10:36,990 | INFO     | trading.data.fetcher:_init_sources:474 - Data source akshare available
2026-02-06 01:10:36,990 | INFO     | trading.data.fetcher:_init_sources:474 - Data source yahoo available
2026-02-06 01:10:36,992 | INFO     | trading:load_scaler:325 - Scaler loaded from F:\Trading app\Trading-graph\models_saved\scaler.pkl
2026-02-06 01:10:37,049 | DEBUG    | trading:_init_model:102 - Initialized lstm model
2026-02-06 01:10:37,073 | DEBUG    | trading:_init_model:102 - Initialized transformer model
2026-02-06 01:10:37,086 | DEBUG    | trading:_init_model:102 - Initialized gru model
2026-02-06 01:10:37,098 | DEBUG    | trading:_init_model:102 - Initialized tcn model
2026-02-06 01:10:37,098 | INFO     | trading:__init__:87 - Ensemble initialized: ['lstm', 'transformer', 'gru', 'tcn'] on cpu
2026-02-06 01:10:37,170 | DEBUG    | trading:_init_model:102 - Initialized lstm model
2026-02-06 01:10:37,189 | DEBUG    | trading:_init_model:102 - Initialized transformer model
2026-02-06 01:10:37,203 | DEBUG    | trading:_init_model:102 - Initialized gru model
2026-02-06 01:10:37,214 | DEBUG    | trading:_init_model:102 - Initialized tcn model
2026-02-06 01:10:37,216 | INFO     | trading:load:589 - Ensemble loaded: ['lstm', 'transformer', 'gru', 'tcn'], temp=2.00
2026-02-06 01:10:37,217 | INFO     | trading:_load_model:229 - Model loaded successfully (4 networks)
2026-02-06 01:10:42,370 | INFO     | trading.data.fetcher:__init__:256 - AkShare initialized
2026-02-06 01:10:42,370 | INFO     | trading.data.fetcher:__init__:375 - Yahoo Finance initialized
2026-02-06 01:10:42,370 | INFO     | trading.data.fetcher:_init_sources:474 - Data source akshare available
2026-02-06 01:10:42,370 | INFO     | trading.data.fetcher:_init_sources:474 - Data source yahoo available
2026-02-06 01:10:42,370 | INFO     | trading:load_scaler:325 - Scaler loaded from F:\Trading app\Trading-graph\models_saved\scaler.pkl
2026-02-06 01:10:42,415 | DEBUG    | trading:_init_model:102 - Initialized lstm model
2026-02-06 01:10:42,429 | DEBUG    | trading:_init_model:102 - Initialized transformer model
2026-02-06 01:10:42,437 | DEBUG    | trading:_init_model:102 - Initialized gru model
2026-02-06 01:10:42,448 | DEBUG    | trading:_init_model:102 - Initialized tcn model
2026-02-06 01:10:42,448 | INFO     | trading:__init__:87 - Ensemble initialized: ['lstm', 'transformer', 'gru', 'tcn'] on cpu
2026-02-06 01:10:42,521 | DEBUG    | trading:_init_model:102 - Initialized lstm model
2026-02-06 01:10:42,541 | DEBUG    | trading:_init_model:102 - Initialized transformer model
2026-02-06 01:10:42,552 | DEBUG    | trading:_init_model:102 - Initialized gru model
2026-02-06 01:10:42,561 | DEBUG    | trading:_init_model:102 - Initialized tcn model
2026-02-06 01:10:42,562 | INFO     | trading:load:589 - Ensemble loaded: ['lstm', 'transformer', 'gru', 'tcn'], temp=2.00
2026-02-06 01:10:42,563 | INFO     | trading:_load_model:229 - Model loaded successfully (4 networks)
2026-02-06 01:10:47,252 | INFO     | trading:create_features:170 - Created 47 features, 440 valid samples
2026-02-06 01:54:36,636 | INFO     | trading:main:61 - ============================================================
2026-02-06 01:54:36,636 | INFO     | trading:main:62 - AI STOCK TRADING SYSTEM - Production Grade
2026-02-06 01:54:36,636 | INFO     | trading:main:63 - ============================================================
2026-02-06 01:54:37,234 | INFO     | trading.data.fetcher:__init__:256 - AkShare initialized
2026-02-06 01:54:37,347 | INFO     | trading.data.fetcher:__init__:375 - Yahoo Finance initialized
2026-02-06 01:54:37,347 | INFO     | trading.data.fetcher:_init_sources:474 - Data source akshare available
2026-02-06 01:54:37,347 | INFO     | trading.data.fetcher:_init_sources:474 - Data source yahoo available
2026-02-06 01:54:37,348 | INFO     | trading:load_scaler:325 - Scaler loaded from F:\Trading app\Trading-graph\models_saved\scaler.pkl
2026-02-06 01:54:37,413 | DEBUG    | trading:_init_model:102 - Initialized lstm model
2026-02-06 01:54:37,444 | DEBUG    | trading:_init_model:102 - Initialized transformer model
2026-02-06 01:54:37,458 | DEBUG    | trading:_init_model:102 - Initialized gru model
2026-02-06 01:54:37,467 | DEBUG    | trading:_init_model:102 - Initialized tcn model
2026-02-06 01:54:37,467 | INFO     | trading:__init__:87 - Ensemble initialized: ['lstm', 'transformer', 'gru', 'tcn'] on cpu
2026-02-06 01:54:37,537 | DEBUG    | trading:_init_model:102 - Initialized lstm model
2026-02-06 01:54:37,558 | DEBUG    | trading:_init_model:102 - Initialized transformer model
2026-02-06 01:54:37,569 | DEBUG    | trading:_init_model:102 - Initialized gru model
2026-02-06 01:54:37,578 | DEBUG    | trading:_init_model:102 - Initialized tcn model
2026-02-06 01:54:37,580 | INFO     | trading:load:581 - Ensemble loaded: ['lstm', 'transformer', 'gru', 'tcn'], temp=2.00
2026-02-06 01:54:37,580 | INFO     | trading:_load_model:229 - Model loaded successfully (4 networks)
2026-02-06 02:36:46,120 | INFO     | trading:main:67 - ============================================================
2026-02-06 02:36:46,136 | INFO     | trading:main:68 - AI STOCK TRADING SYSTEM - Production Grade
2026-02-06 02:36:46,136 | INFO     | trading:main:69 - ============================================================
2026-02-06 02:36:48,426 | INFO     | trading.data.fetcher:__init__:256 - AkShare initialized
2026-02-06 02:36:48,600 | INFO     | trading.data.fetcher:__init__:436 - Yahoo Finance initialized
2026-02-06 02:36:48,601 | INFO     | trading.data.fetcher:_init_sources:611 - Data source akshare available
2026-02-06 02:36:48,601 | INFO     | trading.data.fetcher:_init_sources:611 - Data source yahoo available
2026-02-06 02:36:48,612 | INFO     | trading:load_scaler:325 - Scaler loaded from F:\Trading app\Trading-graph\models_saved\scaler.pkl
2026-02-06 02:36:48,986 | DEBUG    | trading:_init_model:102 - Initialized lstm model
2026-02-06 02:36:49,037 | DEBUG    | trading:_init_model:102 - Initialized transformer model
2026-02-06 02:36:49,051 | DEBUG    | trading:_init_model:102 - Initialized gru model
2026-02-06 02:36:49,072 | DEBUG    | trading:_init_model:102 - Initialized tcn model
2026-02-06 02:36:49,073 | INFO     | trading:__init__:87 - Ensemble initialized: ['lstm', 'transformer', 'gru', 'tcn'] on cpu
2026-02-06 02:36:49,154 | DEBUG    | trading:_init_model:102 - Initialized lstm model
2026-02-06 02:36:49,192 | DEBUG    | trading:_init_model:102 - Initialized transformer model
2026-02-06 02:36:49,211 | DEBUG    | trading:_init_model:102 - Initialized gru model
2026-02-06 02:36:49,219 | DEBUG    | trading:_init_model:102 - Initialized tcn model
2026-02-06 02:36:49,221 | INFO     | trading:load:581 - Ensemble loaded: ['lstm', 'transformer', 'gru', 'tcn'], temp=2.00
2026-02-06 02:36:49,222 | INFO     | trading:_load_model:233 - Model loaded successfully (4 networks)
2026-02-06 02:44:37,836 | INFO     | trading:main:67 - ============================================================
2026-02-06 02:44:37,836 | INFO     | trading:main:68 - AI STOCK TRADING SYSTEM - Production Grade
2026-02-06 02:44:37,836 | INFO     | trading:main:69 - ============================================================
2026-02-06 02:44:38,270 | INFO     | trading:_load_state:630 - Loaded learner state: 0 sessions
2026-02-06 02:44:38,270 | INFO     | trading:_continuous_learning_loop:239 - === Learning Cycle 1 ===
2026-02-06 02:44:38,270 | INFO     | trading:start:171 - Continuous learning started (mode=full, continuous=False)
2026-02-06 02:44:38,595 | INFO     | trading:__init__:109 - AkShare initialized for stock discovery
2026-02-06 03:19:31,568 | INFO     | trading:main:67 - ============================================================
2026-02-06 03:19:31,568 | INFO     | trading:main:68 - AI STOCK TRADING SYSTEM - Production Grade
2026-02-06 03:19:31,568 | INFO     | trading:main:69 - ============================================================
2026-02-06 03:19:33,011 | INFO     | trading.data.fetcher:__init__:256 - AkShare initialized
2026-02-06 03:19:33,174 | INFO     | trading.data.fetcher:__init__:436 - Yahoo Finance initialized
2026-02-06 03:19:33,174 | INFO     | trading.data.fetcher:_init_sources:611 - Data source akshare available
2026-02-06 03:19:33,175 | INFO     | trading.data.fetcher:_init_sources:611 - Data source yahoo available
2026-02-06 03:19:33,175 | INFO     | trading:load_scaler:332 - Scaler loaded from F:\Trading app\Trading-graph\models_saved\scaler.pkl
2026-02-06 03:19:33,542 | DEBUG    | trading.models.ensemble:_init_model:106 - Initialized lstm model
2026-02-06 03:19:33,589 | DEBUG    | trading.models.ensemble:_init_model:106 - Initialized transformer model
2026-02-06 03:19:33,602 | DEBUG    | trading.models.ensemble:_init_model:106 - Initialized gru model
2026-02-06 03:19:33,620 | DEBUG    | trading.models.ensemble:_init_model:106 - Initialized tcn model
2026-02-06 03:19:33,621 | INFO     | trading.models.ensemble:__init__:85 - Ensemble initialized: ['lstm', 'transformer', 'gru', 'tcn'] on cpu
2026-02-06 03:19:33,680 | DEBUG    | trading.models.ensemble:_init_model:106 - Initialized lstm model
2026-02-06 03:19:33,701 | DEBUG    | trading.models.ensemble:_init_model:106 - Initialized transformer model
2026-02-06 03:19:33,722 | DEBUG    | trading.models.ensemble:_init_model:106 - Initialized gru model
2026-02-06 03:19:33,734 | DEBUG    | trading.models.ensemble:_init_model:106 - Initialized tcn model
2026-02-06 03:19:33,737 | INFO     | trading.models.ensemble:load:579 - Ensemble loaded: ['lstm', 'transformer', 'gru', 'tcn'], temp=2.00
2026-02-06 03:19:33,738 | INFO     | trading:_load_model:239 - Model loaded successfully (4 networks)
2026-02-06 03:54:26,356 | INFO     | trading:main:67 - ============================================================
2026-02-06 03:54:26,357 | INFO     | trading:main:68 - AI STOCK TRADING SYSTEM - Production Grade
2026-02-06 03:54:26,357 | INFO     | trading:main:69 - ============================================================
2026-02-06 03:54:27,410 | INFO     | trading.data.fetcher:__init__:256 - AkShare initialized
2026-02-06 03:54:27,532 | INFO     | trading.data.fetcher:__init__:436 - Yahoo Finance initialized
2026-02-06 03:54:27,532 | INFO     | trading.data.fetcher:_init_sources:611 - Data source akshare available
2026-02-06 03:54:27,532 | INFO     | trading.data.fetcher:_init_sources:611 - Data source yahoo available
2026-02-06 03:54:27,532 | INFO     | trading:load_scaler:332 - Scaler loaded from F:\Trading app\Trading-graph\models_saved\scaler.pkl
2026-02-06 03:54:27,592 | DEBUG    | trading.models.ensemble:_init_model:106 - Initialized lstm model
2026-02-06 03:54:27,617 | DEBUG    | trading.models.ensemble:_init_model:106 - Initialized transformer model
2026-02-06 03:54:27,630 | DEBUG    | trading.models.ensemble:_init_model:106 - Initialized gru model
2026-02-06 03:54:27,642 | DEBUG    | trading.models.ensemble:_init_model:106 - Initialized tcn model
2026-02-06 03:54:27,642 | INFO     | trading.models.ensemble:__init__:85 - Ensemble initialized: ['lstm', 'transformer', 'gru', 'tcn'] on cpu
2026-02-06 03:54:27,699 | DEBUG    | trading.models.ensemble:_init_model:106 - Initialized lstm model
2026-02-06 03:54:27,719 | DEBUG    | trading.models.ensemble:_init_model:106 - Initialized transformer model
2026-02-06 03:54:27,729 | DEBUG    | trading.models.ensemble:_init_model:106 - Initialized gru model
2026-02-06 03:54:27,739 | DEBUG    | trading.models.ensemble:_init_model:106 - Initialized tcn model
2026-02-06 03:54:27,740 | INFO     | trading.models.ensemble:load:579 - Ensemble loaded: ['lstm', 'transformer', 'gru', 'tcn'], temp=2.00
2026-02-06 03:54:27,741 | INFO     | trading:_load_model:239 - Model loaded successfully (4 networks)
2026-02-06 04:27:04,224 | INFO     | trading:main:67 - ============================================================
2026-02-06 04:27:04,224 | INFO     | trading:main:68 - AI STOCK TRADING SYSTEM - Production Grade
2026-02-06 04:27:04,224 | INFO     | trading:main:69 - ============================================================
2026-02-06 04:27:05,216 | INFO     | trading.data.fetcher:__init__:257 - AkShare initialized
2026-02-06 04:27:05,268 | INFO     | trading.data.fetcher:__init__:437 - Yahoo Finance initialized
2026-02-06 04:27:05,268 | INFO     | trading.data.fetcher:_init_sources:612 - Data source akshare available
2026-02-06 04:27:05,268 | INFO     | trading.data.fetcher:_init_sources:612 - Data source yahoo available
2026-02-06 04:27:05,269 | INFO     | trading:load_scaler:332 - Scaler loaded from F:\Trading app\Trading-graph\models_saved\scaler.pkl
2026-02-06 04:27:05,325 | DEBUG    | trading.models.ensemble:_init_model:106 - Initialized lstm model
2026-02-06 04:27:05,348 | DEBUG    | trading.models.ensemble:_init_model:106 - Initialized transformer model
2026-02-06 04:27:05,360 | DEBUG    | trading.models.ensemble:_init_model:106 - Initialized gru model
2026-02-06 04:27:05,369 | DEBUG    | trading.models.ensemble:_init_model:106 - Initialized tcn model
2026-02-06 04:27:05,369 | INFO     | trading.models.ensemble:__init__:85 - Ensemble initialized: ['lstm', 'transformer', 'gru', 'tcn'] on cpu
2026-02-06 04:27:05,487 | DEBUG    | trading.models.ensemble:_init_model:106 - Initialized lstm model
2026-02-06 04:27:05,507 | DEBUG    | trading.models.ensemble:_init_model:106 - Initialized transformer model
2026-02-06 04:27:05,518 | DEBUG    | trading.models.ensemble:_init_model:106 - Initialized gru model
2026-02-06 04:27:05,526 | DEBUG    | trading.models.ensemble:_init_model:106 - Initialized tcn model
2026-02-06 04:27:05,527 | INFO     | trading.models.ensemble:load:579 - Ensemble loaded: ['lstm', 'transformer', 'gru', 'tcn'], temp=2.00
2026-02-06 04:27:05,528 | INFO     | trading:_load_model:238 - Model loaded successfully (4 networks)
2026-02-06 04:55:59,544 | INFO     | trading:main:67 - ============================================================
2026-02-06 04:55:59,544 | INFO     | trading:main:68 - AI STOCK TRADING SYSTEM - Production Grade
2026-02-06 04:55:59,544 | INFO     | trading:main:69 - ============================================================
2026-02-06 04:56:00,486 | INFO     | trading.data.fetcher:__init__:257 - AkShare initialized
2026-02-06 04:56:00,573 | INFO     | trading.data.fetcher:__init__:437 - Yahoo Finance initialized
2026-02-06 04:56:00,574 | INFO     | trading.data.fetcher:_init_sources:612 - Data source akshare available
2026-02-06 04:56:00,574 | INFO     | trading.data.fetcher:_init_sources:612 - Data source yahoo available
2026-02-06 04:56:00,574 | INFO     | trading:load_scaler:332 - Scaler loaded from F:\Trading app\Trading-graph\models_saved\scaler.pkl
2026-02-06 04:56:00,626 | DEBUG    | trading.models.ensemble:_init_model:106 - Initialized lstm model
2026-02-06 04:56:00,704 | DEBUG    | trading.models.ensemble:_init_model:106 - Initialized transformer model
2026-02-06 04:56:00,715 | DEBUG    | trading.models.ensemble:_init_model:106 - Initialized gru model
2026-02-06 04:56:00,723 | DEBUG    | trading.models.ensemble:_init_model:106 - Initialized tcn model
2026-02-06 04:56:00,723 | INFO     | trading.models.ensemble:__init__:85 - Ensemble initialized: ['lstm', 'transformer', 'gru', 'tcn'] on cpu
2026-02-06 04:56:00,780 | DEBUG    | trading.models.ensemble:_init_model:106 - Initialized lstm model
2026-02-06 04:56:00,800 | DEBUG    | trading.models.ensemble:_init_model:106 - Initialized transformer model
2026-02-06 04:56:00,817 | DEBUG    | trading.models.ensemble:_init_model:106 - Initialized gru model
2026-02-06 04:56:00,827 | DEBUG    | trading.models.ensemble:_init_model:106 - Initialized tcn model
2026-02-06 04:56:00,829 | INFO     | trading.models.ensemble:load:579 - Ensemble loaded: ['lstm', 'transformer', 'gru', 'tcn'], temp=2.00
2026-02-06 04:56:00,829 | INFO     | trading:_load_model:238 - Model loaded successfully (4 networks)
2026-02-06 05:41:41,978 | INFO     | trading:main:67 - ============================================================
2026-02-06 05:41:41,979 | INFO     | trading:main:68 - AI STOCK TRADING SYSTEM - Production Grade
2026-02-06 05:41:41,979 | INFO     | trading:main:69 - ============================================================
2026-02-06 05:41:42,508 | INFO     | trading.data.fetcher:__init__:257 - AkShare initialized
2026-02-06 05:41:42,564 | INFO     | trading.data.fetcher:__init__:486 - Yahoo Finance initialized
2026-02-06 05:41:42,565 | INFO     | trading.data.fetcher:_init_sources:772 - Data source akshare available
2026-02-06 05:41:42,565 | INFO     | trading.data.fetcher:_init_sources:772 - Data source tencent available
2026-02-06 05:41:42,565 | INFO     | trading.data.fetcher:_init_sources:772 - Data source yahoo available
2026-02-06 05:41:42,566 | INFO     | trading:load_scaler:332 - Scaler loaded from F:\Trading app\Trading-graph\models_saved\scaler.pkl
2026-02-06 05:41:42,622 | DEBUG    | trading.models.ensemble:_init_model:106 - Initialized lstm model
2026-02-06 05:41:42,644 | DEBUG    | trading.models.ensemble:_init_model:106 - Initialized transformer model
2026-02-06 05:41:42,655 | DEBUG    | trading.models.ensemble:_init_model:106 - Initialized gru model
2026-02-06 05:41:42,664 | DEBUG    | trading.models.ensemble:_init_model:106 - Initialized tcn model
2026-02-06 05:41:42,664 | INFO     | trading.models.ensemble:__init__:85 - Ensemble initialized: ['lstm', 'transformer', 'gru', 'tcn'] on cpu
2026-02-06 05:41:42,773 | DEBUG    | trading.models.ensemble:_init_model:106 - Initialized lstm model
2026-02-06 05:41:42,791 | DEBUG    | trading.models.ensemble:_init_model:106 - Initialized transformer model
2026-02-06 05:41:42,804 | DEBUG    | trading.models.ensemble:_init_model:106 - Initialized gru model
2026-02-06 05:41:42,812 | DEBUG    | trading.models.ensemble:_init_model:106 - Initialized tcn model
2026-02-06 05:41:42,813 | INFO     | trading.models.ensemble:load:584 - Ensemble loaded: ['lstm', 'transformer', 'gru', 'tcn'], temp=2.00
2026-02-06 05:41:42,814 | INFO     | trading:_load_model:243 - Model loaded successfully (4 networks)
2026-02-06 05:47:46,565 | INFO     | trading:create_features:170 - Created 47 features, 440 valid samples
2026-02-06 05:47:48,820 | INFO     | trading:create_features:170 - Created 47 features, 440 valid samples
2026-02-06 05:48:37,993 | WARNING  | trading.data.fetcher:get:196 - Spot cache refresh failed: HTTPSConnectionPool(host='82.push2.eastmoney.com', port=443): Read timed out. (read timeout=15)
2026-02-06 05:49:29,341 | WARNING  | trading.data.fetcher:get:196 - Spot cache refresh failed: HTTPSConnectionPool(host='82.push2.eastmoney.com', port=443): Read timed out. (read timeout=15)
2026-02-06 05:50:21,977 | WARNING  | trading.data.fetcher:get:196 - Spot cache refresh failed: HTTPSConnectionPool(host='82.push2.eastmoney.com', port=443): Read timed out. (read timeout=15)
2026-02-06 06:02:45,321 | INFO     | trading:create_features:170 - Created 47 features, 440 valid samples
2026-02-06 06:03:37,153 | WARNING  | trading.data.fetcher:get:196 - Spot cache refresh failed: HTTPSConnectionPool(host='82.push2.eastmoney.com', port=443): Read timed out. (read timeout=15)
2026-02-06 07:43:32,891 | INFO     | trading:main:67 - ============================================================
2026-02-06 07:43:32,903 | INFO     | trading:main:68 - AI STOCK TRADING SYSTEM - Production Grade
2026-02-06 07:43:32,903 | INFO     | trading:main:69 - ============================================================
2026-02-06 07:43:34,523 | INFO     | trading.data.fetcher:__init__:253 - AkShare initialized
2026-02-06 07:43:34,721 | INFO     | trading.data.fetcher:__init__:469 - Yahoo Finance initialized
2026-02-06 07:43:34,721 | INFO     | trading.data.fetcher:_init_sources:758 - Data source akshare available
2026-02-06 07:43:34,722 | INFO     | trading.data.fetcher:_init_sources:758 - Data source tencent available
2026-02-06 07:43:34,722 | INFO     | trading.data.fetcher:_init_sources:758 - Data source yahoo available
2026-02-06 07:43:34,734 | INFO     | trading.data.processor:load_scaler:340 - Scaler loaded from F:\Trading app\Trading-graph\models_saved\scaler.pkl
2026-02-06 07:43:35,074 | DEBUG    | trading.models.ensemble:_init_model:106 - Initialized lstm model
2026-02-06 07:43:35,101 | DEBUG    | trading.models.ensemble:_init_model:106 - Initialized transformer model
2026-02-06 07:43:35,113 | DEBUG    | trading.models.ensemble:_init_model:106 - Initialized gru model
2026-02-06 07:43:35,122 | DEBUG    | trading.models.ensemble:_init_model:106 - Initialized tcn model
2026-02-06 07:43:35,123 | INFO     | trading.models.ensemble:__init__:85 - Ensemble initialized: ['lstm', 'transformer', 'gru', 'tcn'] on cpu
2026-02-06 07:43:35,167 | DEBUG    | trading.models.ensemble:_init_model:106 - Initialized lstm model
2026-02-06 07:43:35,186 | DEBUG    | trading.models.ensemble:_init_model:106 - Initialized transformer model
2026-02-06 07:43:35,196 | DEBUG    | trading.models.ensemble:_init_model:106 - Initialized gru model
2026-02-06 07:43:35,207 | DEBUG    | trading.models.ensemble:_init_model:106 - Initialized tcn model
2026-02-06 07:43:35,208 | INFO     | trading.models.ensemble:load:610 - Ensemble loaded: ['lstm', 'transformer', 'gru', 'tcn'], interval=1d, horizon=5
2026-02-06 07:43:35,209 | INFO     | trading.models.predictor:_load_model:286 - Model loaded successfully (4 networks)
2026-02-06 07:43:45,681 | INFO     | trading.data.processor:load_scaler:340 - Scaler loaded from F:\Trading app\Trading-graph\models_saved\scaler.pkl
2026-02-06 07:43:45,723 | DEBUG    | trading.models.ensemble:_init_model:106 - Initialized lstm model
2026-02-06 07:43:45,746 | DEBUG    | trading.models.ensemble:_init_model:106 - Initialized transformer model
2026-02-06 07:43:45,759 | DEBUG    | trading.models.ensemble:_init_model:106 - Initialized gru model
2026-02-06 07:43:45,770 | DEBUG    | trading.models.ensemble:_init_model:106 - Initialized tcn model
2026-02-06 07:43:45,770 | INFO     | trading.models.ensemble:__init__:85 - Ensemble initialized: ['lstm', 'transformer', 'gru', 'tcn'] on cpu
2026-02-06 07:43:45,822 | DEBUG    | trading.models.ensemble:_init_model:106 - Initialized lstm model
2026-02-06 07:43:45,840 | DEBUG    | trading.models.ensemble:_init_model:106 - Initialized transformer model
2026-02-06 07:43:45,854 | DEBUG    | trading.models.ensemble:_init_model:106 - Initialized gru model
2026-02-06 07:43:45,861 | DEBUG    | trading.models.ensemble:_init_model:106 - Initialized tcn model
2026-02-06 07:43:45,863 | INFO     | trading.models.ensemble:load:610 - Ensemble loaded: ['lstm', 'transformer', 'gru', 'tcn'], interval=1d, horizon=5
2026-02-06 07:58:01,847 | INFO     | trading:main:67 - ============================================================
2026-02-06 07:58:01,847 | INFO     | trading:main:68 - AI STOCK TRADING SYSTEM - Production Grade
2026-02-06 07:58:01,847 | INFO     | trading:main:69 - ============================================================
2026-02-06 07:58:02,280 | INFO     | trading.data.fetcher:__init__:253 - AkShare initialized
2026-02-06 07:58:02,350 | INFO     | trading.data.fetcher:__init__:469 - Yahoo Finance initialized
2026-02-06 07:58:02,354 | INFO     | trading.data.fetcher:_init_sources:758 - Data source akshare available
2026-02-06 07:58:02,354 | INFO     | trading.data.fetcher:_init_sources:758 - Data source tencent available
2026-02-06 07:58:02,354 | INFO     | trading.data.fetcher:_init_sources:758 - Data source yahoo available
2026-02-06 07:58:02,354 | INFO     | trading.analysis.backtest:run:155 - Starting walk-forward backtest:
2026-02-06 07:58:02,354 | INFO     | trading.analysis.backtest:run:156 -   Stocks: 5
2026-02-06 07:58:02,354 | INFO     | trading.analysis.backtest:run:157 -   Train: 12 months, Test: 1 months
2026-02-06 07:58:02,354 | INFO     | trading.analysis.backtest:run:158 -   Capital: 짜100,000.00
2026-02-06 07:58:02,354 | WARNING  | trading.analysis.backtest:_collect_data:271 - Failed to load 600519: name 'query' is not defined
2026-02-06 07:58:02,354 | WARNING  | trading.analysis.backtest:_collect_data:271 - Failed to load 601318: name 'query' is not defined
2026-02-06 07:58:02,354 | WARNING  | trading.analysis.backtest:_collect_data:271 - Failed to load 600036: name 'query' is not defined
2026-02-06 07:58:02,363 | WARNING  | trading.analysis.backtest:_collect_data:271 - Failed to load 000858: name 'query' is not defined
2026-02-06 07:58:02,373 | WARNING  | trading.analysis.backtest:_collect_data:271 - Failed to load 600900: name 'query' is not defined
2026-02-06 07:58:02,373 | ERROR    | trading:main:123 - Error: No valid data available for backtesting
Traceback (most recent call last):
  File "F:\Trading app\Trading-graph\main.py", line 113, in main
    result = bt.run()
             ^^^^^^^^
  File "F:\Trading app\Trading-graph\analysis\backtest.py", line 164, in run
    raise ValueError("No valid data available for backtesting")
ValueError: No valid data available for backtesting
2026-02-06 08:01:04,398 | INFO     | trading:main:67 - ============================================================
2026-02-06 08:01:04,398 | INFO     | trading:main:68 - AI STOCK TRADING SYSTEM - Production Grade
2026-02-06 08:01:04,398 | INFO     | trading:main:69 - ============================================================
2026-02-06 08:01:04,725 | INFO     | trading.data.fetcher:__init__:253 - AkShare initialized
2026-02-06 08:01:04,781 | INFO     | trading.data.fetcher:__init__:469 - Yahoo Finance initialized
2026-02-06 08:01:04,781 | INFO     | trading.data.fetcher:_init_sources:758 - Data source akshare available
2026-02-06 08:01:04,781 | INFO     | trading.data.fetcher:_init_sources:758 - Data source tencent available
2026-02-06 08:01:04,781 | INFO     | trading.data.fetcher:_init_sources:758 - Data source yahoo available
2026-02-06 08:01:04,781 | INFO     | trading.analysis.backtest:run:155 - Starting walk-forward backtest:
2026-02-06 08:01:04,781 | INFO     | trading.analysis.backtest:run:156 -   Stocks: 5
2026-02-06 08:01:04,781 | INFO     | trading.analysis.backtest:run:157 -   Train: 12 months, Test: 1 months
2026-02-06 08:01:04,781 | INFO     | trading.analysis.backtest:run:158 -   Capital: 짜100,000.00
2026-02-06 08:01:05,029 | INFO     | trading.data.features:create_features:173 - Created 47 features, 1435 valid samples
2026-02-06 08:01:05,029 | INFO     | trading.analysis.backtest:_collect_data:268 -   600519: 1435 samples
2026-02-06 08:01:05,456 | INFO     | trading.data.features:create_features:173 - Created 47 features, 1435 valid samples
2026-02-06 08:01:05,456 | INFO     | trading.analysis.backtest:_collect_data:268 -   601318: 1435 samples
2026-02-06 08:01:05,969 | INFO     | trading.data.features:create_features:173 - Created 47 features, 1435 valid samples
2026-02-06 08:01:05,969 | INFO     | trading.analysis.backtest:_collect_data:268 -   600036: 1435 samples
2026-02-06 08:01:06,463 | INFO     | trading.data.features:create_features:173 - Created 47 features, 1436 valid samples
2026-02-06 08:01:06,463 | INFO     | trading.analysis.backtest:_collect_data:268 -   000858: 1436 samples
2026-02-06 08:01:06,956 | INFO     | trading.data.features:create_features:173 - Created 47 features, 1424 valid samples
2026-02-06 08:01:06,956 | INFO     | trading.analysis.backtest:_collect_data:268 -   600900: 1424 samples
2026-02-06 08:01:06,956 | INFO     | trading.analysis.backtest:run:170 -   Date range: 2020-03-11 to 2026-02-05
2026-02-06 08:01:06,972 | INFO     | trading.analysis.backtest:run:178 -   Folds: 58
2026-02-06 08:01:06,972 | INFO     | trading.analysis.backtest:run:190 - 
Fold 1/58:
2026-02-06 08:01:06,972 | INFO     | trading.analysis.backtest:run:191 -   Train: 2020-03-11 to 2021-03-11
2026-02-06 08:01:06,972 | INFO     | trading.analysis.backtest:run:192 -   Test:  2021-03-21 to 2021-04-21
2026-02-06 08:01:06,982 | INFO     | trading.data.processor:fit_scaler:102 - Scaler fitted on 1215 samples, 47 features
2026-02-06 08:01:07,014 | DEBUG    | trading.models.ensemble:_init_model:106 - Initialized lstm model
2026-02-06 08:01:07,014 | DEBUG    | trading.models.ensemble:_init_model:106 - Initialized gru model
2026-02-06 08:01:07,030 | DEBUG    | trading.models.ensemble:_init_model:106 - Initialized tcn model
2026-02-06 08:01:07,030 | INFO     | trading.models.ensemble:__init__:85 - Ensemble initialized: ['lstm', 'gru', 'tcn'] on cpu
2026-02-06 08:01:07,030 | INFO     | trading.models.ensemble:train:203 - Training lstm...
2026-02-06 08:01:35,192 | INFO     | trading:main:121 - Interrupted by user
2026-02-06 08:02:01,231 | INFO     | trading:main:67 - ============================================================
2026-02-06 08:02:01,231 | INFO     | trading:main:68 - AI STOCK TRADING SYSTEM - Production Grade
2026-02-06 08:02:01,231 | INFO     | trading:main:69 - ============================================================
2026-02-06 08:02:01,552 | INFO     | trading.data.fetcher:__init__:253 - AkShare initialized
2026-02-06 08:02:01,610 | INFO     | trading.data.fetcher:__init__:469 - Yahoo Finance initialized
2026-02-06 08:02:01,611 | INFO     | trading.data.fetcher:_init_sources:758 - Data source akshare available
2026-02-06 08:02:01,611 | INFO     | trading.data.fetcher:_init_sources:758 - Data source tencent available
2026-02-06 08:02:01,611 | INFO     | trading.data.fetcher:_init_sources:758 - Data source yahoo available
2026-02-06 08:02:01,612 | INFO     | trading.data.processor:load_scaler:340 - Scaler loaded from F:\Trading app\Trading-graph\models_saved\scaler.pkl
2026-02-06 08:02:01,665 | DEBUG    | trading.models.ensemble:_init_model:106 - Initialized lstm model
2026-02-06 08:02:01,687 | DEBUG    | trading.models.ensemble:_init_model:106 - Initialized transformer model
2026-02-06 08:02:01,699 | DEBUG    | trading.models.ensemble:_init_model:106 - Initialized gru model
2026-02-06 08:02:01,709 | DEBUG    | trading.models.ensemble:_init_model:106 - Initialized tcn model
2026-02-06 08:02:01,709 | INFO     | trading.models.ensemble:__init__:85 - Ensemble initialized: ['lstm', 'transformer', 'gru', 'tcn'] on cpu
2026-02-06 08:02:01,765 | DEBUG    | trading.models.ensemble:_init_model:106 - Initialized lstm model
2026-02-06 08:02:01,783 | DEBUG    | trading.models.ensemble:_init_model:106 - Initialized transformer model
2026-02-06 08:02:01,795 | DEBUG    | trading.models.ensemble:_init_model:106 - Initialized gru model
2026-02-06 08:02:01,804 | DEBUG    | trading.models.ensemble:_init_model:106 - Initialized tcn model
2026-02-06 08:02:01,806 | INFO     | trading.models.ensemble:load:610 - Ensemble loaded: ['lstm', 'transformer', 'gru', 'tcn'], interval=1d, horizon=5
2026-02-06 08:02:01,806 | INFO     | trading.models.predictor:_load_model:286 - Model loaded successfully (4 networks)
2026-02-06 08:02:01,807 | INFO     | trading.data.processor:load_scaler:340 - Scaler loaded from F:\Trading app\Trading-graph\models_saved\scaler.pkl
2026-02-06 08:02:01,856 | DEBUG    | trading.models.ensemble:_init_model:106 - Initialized lstm model
2026-02-06 08:02:01,870 | DEBUG    | trading.models.ensemble:_init_model:106 - Initialized transformer model
2026-02-06 08:02:01,878 | DEBUG    | trading.models.ensemble:_init_model:106 - Initialized gru model
2026-02-06 08:02:01,887 | DEBUG    | trading.models.ensemble:_init_model:106 - Initialized tcn model
2026-02-06 08:02:01,887 | INFO     | trading.models.ensemble:__init__:85 - Ensemble initialized: ['lstm', 'transformer', 'gru', 'tcn'] on cpu
2026-02-06 08:02:01,934 | DEBUG    | trading.models.ensemble:_init_model:106 - Initialized lstm model
2026-02-06 08:02:01,953 | DEBUG    | trading.models.ensemble:_init_model:106 - Initialized transformer model
2026-02-06 08:02:01,964 | DEBUG    | trading.models.ensemble:_init_model:106 - Initialized gru model
2026-02-06 08:02:01,974 | DEBUG    | trading.models.ensemble:_init_model:106 - Initialized tcn model
2026-02-06 08:02:01,975 | INFO     | trading.models.ensemble:load:610 - Ensemble loaded: ['lstm', 'transformer', 'gru', 'tcn'], interval=1d, horizon=5
2026-02-06 08:03:50,773 | INFO     | trading:main:67 - ============================================================
2026-02-06 08:03:50,774 | INFO     | trading:main:68 - AI STOCK TRADING SYSTEM - Production Grade
2026-02-06 08:03:50,774 | INFO     | trading:main:69 - ============================================================
2026-02-06 08:03:51,112 | INFO     | trading.data.fetcher:__init__:253 - AkShare initialized
2026-02-06 08:03:51,171 | INFO     | trading.data.fetcher:__init__:469 - Yahoo Finance initialized
2026-02-06 08:03:51,172 | INFO     | trading.data.fetcher:_init_sources:758 - Data source akshare available
2026-02-06 08:03:51,172 | INFO     | trading.data.fetcher:_init_sources:758 - Data source tencent available
2026-02-06 08:03:51,172 | INFO     | trading.data.fetcher:_init_sources:758 - Data source yahoo available
2026-02-06 08:03:51,172 | INFO     | trading.analysis.backtest:run:155 - Starting walk-forward backtest:
2026-02-06 08:03:51,172 | INFO     | trading.analysis.backtest:run:156 -   Stocks: 5
2026-02-06 08:03:51,172 | INFO     | trading.analysis.backtest:run:157 -   Train: 12 months, Test: 1 months
2026-02-06 08:03:51,172 | INFO     | trading.analysis.backtest:run:158 -   Capital: 짜100,000.00
2026-02-06 08:03:51,249 | INFO     | trading.data.features:create_features:173 - Created 47 features, 1435 valid samples
2026-02-06 08:03:51,249 | INFO     | trading.analysis.backtest:_collect_data:268 -   600519: 1435 samples
2026-02-06 08:03:51,321 | INFO     | trading.data.features:create_features:173 - Created 47 features, 1435 valid samples
2026-02-06 08:03:51,322 | INFO     | trading.analysis.backtest:_collect_data:268 -   601318: 1435 samples
2026-02-06 08:03:51,393 | INFO     | trading.data.features:create_features:173 - Created 47 features, 1435 valid samples
2026-02-06 08:03:51,393 | INFO     | trading.analysis.backtest:_collect_data:268 -   600036: 1435 samples
2026-02-06 08:03:51,460 | INFO     | trading.data.features:create_features:173 - Created 47 features, 1436 valid samples
2026-02-06 08:03:51,461 | INFO     | trading.analysis.backtest:_collect_data:268 -   000858: 1436 samples
2026-02-06 08:03:51,530 | INFO     | trading.data.features:create_features:173 - Created 47 features, 1424 valid samples
2026-02-06 08:03:51,530 | INFO     | trading.analysis.backtest:_collect_data:268 -   600900: 1424 samples
2026-02-06 08:03:51,531 | INFO     | trading.analysis.backtest:run:170 -   Date range: 2020-03-11 to 2026-02-05
2026-02-06 08:03:51,533 | INFO     | trading.analysis.backtest:run:178 -   Folds: 58
2026-02-06 08:03:51,534 | INFO     | trading.analysis.backtest:run:190 - 
Fold 1/58:
2026-02-06 08:03:51,534 | INFO     | trading.analysis.backtest:run:191 -   Train: 2020-03-11 to 2021-03-11
2026-02-06 08:03:51,534 | INFO     | trading.analysis.backtest:run:192 -   Test:  2021-03-21 to 2021-04-21
2026-02-06 08:03:51,539 | INFO     | trading.data.processor:fit_scaler:102 - Scaler fitted on 1215 samples, 47 features
2026-02-06 08:03:51,575 | DEBUG    | trading.models.ensemble:_init_model:106 - Initialized lstm model
2026-02-06 08:03:51,584 | DEBUG    | trading.models.ensemble:_init_model:106 - Initialized gru model
2026-02-06 08:03:51,592 | DEBUG    | trading.models.ensemble:_init_model:106 - Initialized tcn model
2026-02-06 08:03:51,592 | INFO     | trading.models.ensemble:__init__:85 - Ensemble initialized: ['lstm', 'gru', 'tcn'] on cpu
2026-02-06 08:03:51,592 | INFO     | trading.models.ensemble:train:203 - Training lstm...
2026-02-06 08:25:14,429 | INFO     | trading:main:67 - ============================================================
2026-02-06 08:25:14,430 | INFO     | trading:main:68 - AI STOCK TRADING SYSTEM - Production Grade
2026-02-06 08:25:14,430 | INFO     | trading:main:69 - ============================================================
2026-02-06 08:25:14,845 | INFO     | trading.data.fetcher:__init__:264 - AkShare initialized
2026-02-06 08:25:14,899 | INFO     | trading.data.fetcher:__init__:480 - Yahoo Finance initialized
2026-02-06 08:25:14,899 | INFO     | trading.data.fetcher:_init_sources:777 - Data source akshare available
2026-02-06 08:25:14,899 | INFO     | trading.data.fetcher:_init_sources:777 - Data source tencent available
2026-02-06 08:25:14,899 | INFO     | trading.data.fetcher:_init_sources:777 - Data source yahoo available
2026-02-06 08:25:14,899 | INFO     | trading.analysis.backtest:run:155 - Starting walk-forward backtest:
2026-02-06 08:25:14,899 | INFO     | trading.analysis.backtest:run:156 -   Stocks: 5
2026-02-06 08:25:14,899 | INFO     | trading.analysis.backtest:run:157 -   Train: 12 months, Test: 1 months
2026-02-06 08:25:14,900 | INFO     | trading.analysis.backtest:run:158 -   Capital: 짜100,000.00
2026-02-06 08:25:14,976 | INFO     | trading.data.features:create_features:173 - Created 47 features, 1435 valid samples
2026-02-06 08:25:14,977 | INFO     | trading.analysis.backtest:_collect_data:268 -   600519: 1435 samples
2026-02-06 08:25:15,044 | INFO     | trading.data.features:create_features:173 - Created 47 features, 1435 valid samples
2026-02-06 08:25:15,045 | INFO     | trading.analysis.backtest:_collect_data:268 -   601318: 1435 samples
2026-02-06 08:25:15,114 | INFO     | trading.data.features:create_features:173 - Created 47 features, 1435 valid samples
2026-02-06 08:25:15,115 | INFO     | trading.analysis.backtest:_collect_data:268 -   600036: 1435 samples
2026-02-06 08:25:15,182 | INFO     | trading.data.features:create_features:173 - Created 47 features, 1436 valid samples
2026-02-06 08:25:15,183 | INFO     | trading.analysis.backtest:_collect_data:268 -   000858: 1436 samples
2026-02-06 08:25:15,250 | INFO     | trading.data.features:create_features:173 - Created 47 features, 1424 valid samples
2026-02-06 08:25:15,251 | INFO     | trading.analysis.backtest:_collect_data:268 -   600900: 1424 samples
2026-02-06 08:25:15,251 | INFO     | trading.analysis.backtest:run:170 -   Date range: 2020-03-11 to 2026-02-05
2026-02-06 08:25:15,254 | INFO     | trading.analysis.backtest:run:178 -   Folds: 58
2026-02-06 08:25:15,254 | INFO     | trading.analysis.backtest:run:190 - 
Fold 1/58:
2026-02-06 08:25:15,255 | INFO     | trading.analysis.backtest:run:191 -   Train: 2020-03-11 to 2021-03-11
2026-02-06 08:25:15,255 | INFO     | trading.analysis.backtest:run:192 -   Test:  2021-03-21 to 2021-04-21
2026-02-06 08:25:15,261 | INFO     | trading.data.processor:fit_scaler:102 - Scaler fitted on 1215 samples, 47 features
2026-02-06 08:25:15,300 | DEBUG    | trading.models.ensemble:_init_model:106 - Initialized lstm model
2026-02-06 08:25:15,309 | DEBUG    | trading.models.ensemble:_init_model:106 - Initialized gru model
2026-02-06 08:25:15,317 | DEBUG    | trading.models.ensemble:_init_model:106 - Initialized tcn model
2026-02-06 08:25:15,317 | INFO     | trading.models.ensemble:__init__:85 - Ensemble initialized: ['lstm', 'gru', 'tcn'] on cpu
2026-02-06 08:25:15,317 | INFO     | trading.models.ensemble:train:203 - Training lstm...
2026-02-06 08:45:28,199 | INFO     | trading:main:67 - ============================================================
2026-02-06 08:45:28,199 | INFO     | trading:main:68 - AI STOCK TRADING SYSTEM - Production Grade
2026-02-06 08:45:28,199 | INFO     | trading:main:69 - ============================================================
2026-02-06 08:45:28,697 | INFO     | trading.data.fetcher:__init__:264 - AkShare initialized
2026-02-06 08:45:28,820 | INFO     | trading.data.fetcher:__init__:480 - Yahoo Finance initialized
2026-02-06 08:45:28,820 | INFO     | trading.data.fetcher:_init_sources:777 - Data source akshare available
2026-02-06 08:45:28,820 | INFO     | trading.data.fetcher:_init_sources:777 - Data source tencent available
2026-02-06 08:45:28,821 | INFO     | trading.data.fetcher:_init_sources:777 - Data source yahoo available
2026-02-06 08:45:28,821 | INFO     | trading.data.processor:load_scaler:340 - Scaler loaded from F:\Trading app\Trading-graph\models_saved\scaler.pkl
2026-02-06 08:45:28,876 | DEBUG    | trading.models.ensemble:_init_model:106 - Initialized lstm model
2026-02-06 08:45:28,900 | DEBUG    | trading.models.ensemble:_init_model:106 - Initialized transformer model
2026-02-06 08:45:28,913 | DEBUG    | trading.models.ensemble:_init_model:106 - Initialized gru model
2026-02-06 08:45:28,922 | DEBUG    | trading.models.ensemble:_init_model:106 - Initialized tcn model
2026-02-06 08:45:28,922 | INFO     | trading.models.ensemble:__init__:85 - Ensemble initialized: ['lstm', 'transformer', 'gru', 'tcn'] on cpu
2026-02-06 08:45:28,975 | DEBUG    | trading.models.ensemble:_init_model:106 - Initialized lstm model
2026-02-06 08:45:28,995 | DEBUG    | trading.models.ensemble:_init_model:106 - Initialized transformer model
2026-02-06 08:45:29,009 | DEBUG    | trading.models.ensemble:_init_model:106 - Initialized gru model
2026-02-06 08:45:29,023 | DEBUG    | trading.models.ensemble:_init_model:106 - Initialized tcn model
2026-02-06 08:45:29,025 | INFO     | trading.models.ensemble:load:608 - Ensemble loaded: ['lstm', 'transformer', 'gru', 'tcn'], interval=1d, horizon=5
2026-02-06 08:45:29,026 | INFO     | trading.models.predictor:_load_model:286 - Model loaded successfully (4 networks)
2026-02-06 08:49:43,396 | INFO     | trading:main:67 - ============================================================
2026-02-06 08:49:43,396 | INFO     | trading:main:68 - AI STOCK TRADING SYSTEM - Production Grade
2026-02-06 08:49:43,396 | INFO     | trading:main:69 - ============================================================
2026-02-06 08:49:43,969 | INFO     | trading.data.fetcher:__init__:264 - AkShare initialized
2026-02-06 08:49:44,029 | INFO     | trading.data.fetcher:__init__:480 - Yahoo Finance initialized
2026-02-06 08:49:44,029 | INFO     | trading.data.fetcher:_init_sources:777 - Data source akshare available
2026-02-06 08:49:44,029 | INFO     | trading.data.fetcher:_init_sources:777 - Data source tencent available
2026-02-06 08:49:44,030 | INFO     | trading.data.fetcher:_init_sources:777 - Data source yahoo available
2026-02-06 08:49:44,030 | INFO     | trading.data.processor:load_scaler:340 - Scaler loaded from F:\Trading app\Trading-graph\models_saved\scaler.pkl
2026-02-06 08:49:44,088 | DEBUG    | trading.models.ensemble:_init_model:106 - Initialized lstm model
2026-02-06 08:49:44,173 | DEBUG    | trading.models.ensemble:_init_model:106 - Initialized transformer model
2026-02-06 08:49:44,184 | DEBUG    | trading.models.ensemble:_init_model:106 - Initialized gru model
2026-02-06 08:49:44,196 | DEBUG    | trading.models.ensemble:_init_model:106 - Initialized tcn model
2026-02-06 08:49:44,196 | INFO     | trading.models.ensemble:__init__:85 - Ensemble initialized: ['lstm', 'transformer', 'gru', 'tcn'] on cpu
2026-02-06 08:49:44,244 | DEBUG    | trading.models.ensemble:_init_model:106 - Initialized lstm model
2026-02-06 08:49:44,263 | DEBUG    | trading.models.ensemble:_init_model:106 - Initialized transformer model
2026-02-06 08:49:44,273 | DEBUG    | trading.models.ensemble:_init_model:106 - Initialized gru model
2026-02-06 08:49:44,283 | DEBUG    | trading.models.ensemble:_init_model:106 - Initialized tcn model
2026-02-06 08:49:44,284 | INFO     | trading.models.ensemble:load:627 - Ensemble loaded: ['lstm', 'transformer', 'gru', 'tcn'], interval=1d, horizon=5
2026-02-06 08:49:44,285 | INFO     | trading.models.predictor:_load_model:286 - Model loaded successfully (4 networks)
